0 info it worked if it ends with ok
1 verbose cli [ '/usr/local/bin/node',
1 verbose cli   '/usr/local/bin/npm',
1 verbose cli   'install',
1 verbose cli   '--save-dev',
1 verbose cli   'url-loader' ]
2 info using npm@2.15.1
3 info using node@v4.4.4
4 verbose install initial load of /Users/home/Repositories/ping-pong-tournament/package.json
5 warn package.json my-es6-boilerplate@0.1.0 No license field.
6 verbose installManyTop reading scoped package data from /Users/home/Repositories/ping-pong-tournament/node_modules/babel-core/package.json
7 verbose installManyTop reading scoped package data from /Users/home/Repositories/ping-pong-tournament/node_modules/babel-loader/package.json
8 verbose installManyTop reading scoped package data from /Users/home/Repositories/ping-pong-tournament/node_modules/babel-preset-es2015/package.json
9 verbose installManyTop reading scoped package data from /Users/home/Repositories/ping-pong-tournament/node_modules/backbone/package.json
10 verbose installManyTop reading scoped package data from /Users/home/Repositories/ping-pong-tournament/node_modules/clean-webpack-plugin/package.json
11 verbose installManyTop reading scoped package data from /Users/home/Repositories/ping-pong-tournament/node_modules/css-loader/package.json
12 verbose installManyTop reading scoped package data from /Users/home/Repositories/ping-pong-tournament/node_modules/d3/package.json
13 verbose installManyTop reading scoped package data from /Users/home/Repositories/ping-pong-tournament/node_modules/file-loader/package.json
14 verbose installManyTop reading scoped package data from /Users/home/Repositories/ping-pong-tournament/node_modules/html-loader/package.json
15 verbose installManyTop reading scoped package data from /Users/home/Repositories/ping-pong-tournament/node_modules/html-webpack-plugin/package.json
16 verbose installManyTop reading scoped package data from /Users/home/Repositories/ping-pong-tournament/node_modules/jquery/package.json
17 verbose installManyTop reading scoped package data from /Users/home/Repositories/ping-pong-tournament/node_modules/json-loader/package.json
18 verbose installManyTop reading scoped package data from /Users/home/Repositories/ping-pong-tournament/node_modules/node-sass/package.json
19 verbose installManyTop reading scoped package data from /Users/home/Repositories/ping-pong-tournament/node_modules/sass-loader/package.json
20 verbose installManyTop reading scoped package data from /Users/home/Repositories/ping-pong-tournament/node_modules/style-loader/package.json
21 verbose installManyTop reading scoped package data from /Users/home/Repositories/ping-pong-tournament/node_modules/webpack/package.json
22 verbose readDependencies loading dependencies from /Users/home/Repositories/ping-pong-tournament/package.json
23 silly cache add args [ 'url-loader', null ]
24 verbose cache add spec url-loader
25 silly cache add parsed spec Result {
25 silly cache add   raw: 'url-loader',
25 silly cache add   scope: null,
25 silly cache add   name: 'url-loader',
25 silly cache add   rawSpec: '',
25 silly cache add   spec: 'latest',
25 silly cache add   type: 'tag' }
26 silly addNamed url-loader@latest
27 verbose addNamed "latest" is being treated as a dist-tag for url-loader
28 info addNameTag [ 'url-loader', 'latest' ]
29 silly mapToRegistry name url-loader
30 silly mapToRegistry using default registry
31 silly mapToRegistry registry https://registry.npmjs.org/
32 silly mapToRegistry data Result {
32 silly mapToRegistry   raw: 'url-loader',
32 silly mapToRegistry   scope: null,
32 silly mapToRegistry   name: 'url-loader',
32 silly mapToRegistry   rawSpec: '',
32 silly mapToRegistry   spec: 'latest',
32 silly mapToRegistry   type: 'tag' }
33 silly mapToRegistry uri https://registry.npmjs.org/url-loader
34 verbose addNameTag registry:https://registry.npmjs.org/url-loader not in flight; fetching
35 verbose request uri https://registry.npmjs.org/url-loader
36 verbose request no auth needed
37 info attempt registry request try #1 at 4:22:15 PM
38 verbose request id 63c80739a5992e70
39 verbose etag W/"5852078a-2ca5"
40 verbose lastModified Thu, 15 Dec 2016 03:01:30 GMT
41 http request GET https://registry.npmjs.org/url-loader
42 http 200 https://registry.npmjs.org/url-loader
43 verbose headers { server: 'nginx/1.10.1',
43 verbose headers   'content-type': 'application/json',
43 verbose headers   'last-modified': 'Wed, 08 Feb 2017 01:52:36 GMT',
43 verbose headers   etag: 'W/"589a79e4-2de0"',
43 verbose headers   'content-encoding': 'gzip',
43 verbose headers   'cache-control': 'max-age=300',
43 verbose headers   'content-length': '2310',
43 verbose headers   'accept-ranges': 'bytes',
43 verbose headers   date: 'Fri, 10 Feb 2017 23:22:15 GMT',
43 verbose headers   via: '1.1 varnish',
43 verbose headers   age: '0',
43 verbose headers   connection: 'keep-alive',
43 verbose headers   'x-served-by': 'cache-lax8647-LAX',
43 verbose headers   'x-cache': 'HIT',
43 verbose headers   'x-cache-hits': '1',
43 verbose headers   'x-timer': 'S1486768935.513558,VS0,VE157',
43 verbose headers   vary: 'Accept-Encoding' }
44 silly get cb [ 200,
44 silly get   { server: 'nginx/1.10.1',
44 silly get     'content-type': 'application/json',
44 silly get     'last-modified': 'Wed, 08 Feb 2017 01:52:36 GMT',
44 silly get     etag: 'W/"589a79e4-2de0"',
44 silly get     'content-encoding': 'gzip',
44 silly get     'cache-control': 'max-age=300',
44 silly get     'content-length': '2310',
44 silly get     'accept-ranges': 'bytes',
44 silly get     date: 'Fri, 10 Feb 2017 23:22:15 GMT',
44 silly get     via: '1.1 varnish',
44 silly get     age: '0',
44 silly get     connection: 'keep-alive',
44 silly get     'x-served-by': 'cache-lax8647-LAX',
44 silly get     'x-cache': 'HIT',
44 silly get     'x-cache-hits': '1',
44 silly get     'x-timer': 'S1486768935.513558,VS0,VE157',
44 silly get     vary: 'Accept-Encoding' } ]
45 verbose get saving url-loader to /Users/home/.npm/registry.npmjs.org/url-loader/.cache.json
46 verbose correctMkdir /Users/home/.npm correctMkdir not in flight; initializing
47 silly addNameTag next cb for url-loader with tag latest
48 silly addNamed url-loader@0.5.7
49 verbose addNamed "0.5.7" is a plain semver version for url-loader
50 silly cache afterAdd url-loader@0.5.7
51 verbose afterAdd /Users/home/.npm/url-loader/0.5.7/package/package.json not in flight; writing
52 verbose correctMkdir /Users/home/.npm correctMkdir not in flight; initializing
53 verbose afterAdd /Users/home/.npm/url-loader/0.5.7/package/package.json written
54 silly install resolved [ { name: 'url-loader',
54 silly install resolved     version: '0.5.7',
54 silly install resolved     author: { name: 'Tobias Koppers @sokra' },
54 silly install resolved     description: 'url loader module for webpack',
54 silly install resolved     dependencies: { 'loader-utils': '0.2.x', mime: '1.2.x' },
54 silly install resolved     peerDependencies: { 'file-loader': '*' },
54 silly install resolved     repository:
54 silly install resolved      { type: 'git',
54 silly install resolved        url: 'git+ssh://git@github.com/webpack/url-loader.git' },
54 silly install resolved     license: 'MIT',
54 silly install resolved     gitHead: 'fa139f418caf45e0c638eb171a4d40cb77b6b78d',
54 silly install resolved     bugs: { url: 'https://github.com/webpack/url-loader/issues' },
54 silly install resolved     homepage: 'https://github.com/webpack/url-loader#readme',
54 silly install resolved     _id: 'url-loader@0.5.7',
54 silly install resolved     scripts: {},
54 silly install resolved     _shasum: '67e8779759f8000da74994906680c943a9b0925d',
54 silly install resolved     _from: 'url-loader@latest',
54 silly install resolved     _npmVersion: '2.10.1',
54 silly install resolved     _nodeVersion: '0.12.4',
54 silly install resolved     _npmUser: { name: 'sokra', email: 'tobias.koppers@googlemail.com' },
54 silly install resolved     maintainers: [ [Object] ],
54 silly install resolved     dist:
54 silly install resolved      { shasum: '67e8779759f8000da74994906680c943a9b0925d',
54 silly install resolved        tarball: 'https://registry.npmjs.org/url-loader/-/url-loader-0.5.7.tgz' },
54 silly install resolved     directories: {},
54 silly install resolved     _resolved: 'https://registry.npmjs.org/url-loader/-/url-loader-0.5.7.tgz',
54 silly install resolved     readme: 'ERROR: No README data found!' } ]
55 info install url-loader@0.5.7 into /Users/home/Repositories/ping-pong-tournament
56 info installOne url-loader@0.5.7
57 verbose installOne of url-loader to /Users/home/Repositories/ping-pong-tournament not in flight; installing
58 verbose correctMkdir /Users/home/.npm/_locks correctMkdir not in flight; initializing
59 verbose lock using /Users/home/.npm/_locks/url-loader-7c104ccf4dea9dd2.lock for /Users/home/Repositories/ping-pong-tournament/node_modules/url-loader
60 silly install write writing url-loader 0.5.7 to /Users/home/Repositories/ping-pong-tournament/node_modules/url-loader
61 verbose unbuild node_modules/url-loader
62 silly gentlyRm /Users/home/Repositories/ping-pong-tournament/node_modules/url-loader is being purged from base /Users/home/Repositories/ping-pong-tournament
63 verbose gentlyRm don't care about contents; nuking /Users/home/Repositories/ping-pong-tournament/node_modules/url-loader
64 verbose tar unpack /Users/home/.npm/url-loader/0.5.7/package.tgz
65 verbose tar unpacking to /Users/home/Repositories/ping-pong-tournament/node_modules/url-loader
66 silly gentlyRm /Users/home/Repositories/ping-pong-tournament/node_modules/url-loader is being purged
67 verbose gentlyRm don't care about contents; nuking /Users/home/Repositories/ping-pong-tournament/node_modules/url-loader
68 silly gunzTarPerm modes [ '755', '644' ]
69 silly gunzTarPerm extractEntry package.json
70 silly gunzTarPerm modified mode [ 'package.json', 438, 420 ]
71 silly gunzTarPerm extractEntry .npmignore
72 silly gunzTarPerm modified mode [ '.npmignore', 438, 420 ]
73 silly gunzTarPerm extractEntry README.md
74 silly gunzTarPerm modified mode [ 'README.md', 438, 420 ]
75 silly gunzTarPerm extractEntry index.js
76 silly gunzTarPerm modified mode [ 'index.js', 438, 420 ]
77 verbose write writing to /Users/home/Repositories/ping-pong-tournament/node_modules/url-loader/package.json
78 info preinstall url-loader@0.5.7
79 verbose readDependencies loading dependencies from /Users/home/Repositories/ping-pong-tournament/node_modules/url-loader/package.json
80 silly prepareForInstallMany adding loader-utils@0.2.x from url-loader dependencies
81 silly prepareForInstallMany adding mime@1.2.x from url-loader dependencies
82 verbose readDependencies loading dependencies from /Users/home/Repositories/ping-pong-tournament/node_modules/url-loader/package.json
83 silly cache add args [ 'mime@1.2.x', null ]
84 verbose cache add spec mime@1.2.x
85 silly cache add parsed spec Result {
85 silly cache add   raw: 'mime@1.2.x',
85 silly cache add   scope: null,
85 silly cache add   name: 'mime',
85 silly cache add   rawSpec: '1.2.x',
85 silly cache add   spec: '>=1.2.0 <1.3.0',
85 silly cache add   type: 'range' }
86 silly addNamed mime@>=1.2.0 <1.3.0
87 verbose addNamed ">=1.2.0 <1.3.0" is a valid semver range for mime
88 silly addNameRange { name: 'mime', range: '>=1.2.0 <1.3.0', hasData: false }
89 silly mapToRegistry name mime
90 silly mapToRegistry using default registry
91 silly mapToRegistry registry https://registry.npmjs.org/
92 silly mapToRegistry data Result {
92 silly mapToRegistry   raw: 'mime',
92 silly mapToRegistry   scope: null,
92 silly mapToRegistry   name: 'mime',
92 silly mapToRegistry   rawSpec: '',
92 silly mapToRegistry   spec: 'latest',
92 silly mapToRegistry   type: 'tag' }
93 silly mapToRegistry uri https://registry.npmjs.org/mime
94 verbose addNameRange registry:https://registry.npmjs.org/mime not in flight; fetching
95 silly cache add args [ 'loader-utils@0.2.x', null ]
96 verbose cache add spec loader-utils@0.2.x
97 silly cache add parsed spec Result {
97 silly cache add   raw: 'loader-utils@0.2.x',
97 silly cache add   scope: null,
97 silly cache add   name: 'loader-utils',
97 silly cache add   rawSpec: '0.2.x',
97 silly cache add   spec: '>=0.2.0 <0.3.0',
97 silly cache add   type: 'range' }
98 silly addNamed loader-utils@>=0.2.0 <0.3.0
99 verbose addNamed ">=0.2.0 <0.3.0" is a valid semver range for loader-utils
100 silly addNameRange { name: 'loader-utils', range: '>=0.2.0 <0.3.0', hasData: false }
101 silly mapToRegistry name loader-utils
102 silly mapToRegistry using default registry
103 silly mapToRegistry registry https://registry.npmjs.org/
104 silly mapToRegistry data Result {
104 silly mapToRegistry   raw: 'loader-utils',
104 silly mapToRegistry   scope: null,
104 silly mapToRegistry   name: 'loader-utils',
104 silly mapToRegistry   rawSpec: '',
104 silly mapToRegistry   spec: 'latest',
104 silly mapToRegistry   type: 'tag' }
105 silly mapToRegistry uri https://registry.npmjs.org/loader-utils
106 verbose addNameRange registry:https://registry.npmjs.org/loader-utils not in flight; fetching
107 verbose request uri https://registry.npmjs.org/loader-utils
108 verbose request no auth needed
109 info attempt registry request try #1 at 4:22:15 PM
110 verbose etag W/"57d9c78c-6e27"
111 verbose lastModified Wed, 14 Sep 2016 21:56:28 GMT
112 http request GET https://registry.npmjs.org/loader-utils
113 verbose request uri https://registry.npmjs.org/mime
114 verbose request no auth needed
115 info attempt registry request try #1 at 4:22:15 PM
116 verbose etag W/"584a1941-50be"
117 verbose lastModified Fri, 09 Dec 2016 02:38:57 GMT
118 http request GET https://registry.npmjs.org/mime
119 http 304 https://registry.npmjs.org/loader-utils
120 verbose headers { date: 'Fri, 10 Feb 2017 23:22:15 GMT',
120 verbose headers   via: '1.1 varnish',
120 verbose headers   'cache-control': 'max-age=300',
120 verbose headers   etag: 'W/"57d9c78c-6e27"',
120 verbose headers   age: '271',
120 verbose headers   connection: 'keep-alive',
120 verbose headers   'x-served-by': 'cache-lax8647-LAX',
120 verbose headers   'x-cache': 'HIT',
120 verbose headers   'x-cache-hits': '4',
120 verbose headers   'x-timer': 'S1486768935.855242,VS0,VE0',
120 verbose headers   vary: 'Accept-Encoding' }
121 silly get cb [ 304,
121 silly get   { date: 'Fri, 10 Feb 2017 23:22:15 GMT',
121 silly get     via: '1.1 varnish',
121 silly get     'cache-control': 'max-age=300',
121 silly get     etag: 'W/"57d9c78c-6e27"',
121 silly get     age: '271',
121 silly get     connection: 'keep-alive',
121 silly get     'x-served-by': 'cache-lax8647-LAX',
121 silly get     'x-cache': 'HIT',
121 silly get     'x-cache-hits': '4',
121 silly get     'x-timer': 'S1486768935.855242,VS0,VE0',
121 silly get     vary: 'Accept-Encoding' } ]
122 verbose etag https://registry.npmjs.org/loader-utils from cache
123 verbose get saving loader-utils to /Users/home/.npm/registry.npmjs.org/loader-utils/.cache.json
124 verbose correctMkdir /Users/home/.npm correctMkdir not in flight; initializing
125 silly addNameRange number 2 { name: 'loader-utils', range: '>=0.2.0 <0.3.0', hasData: true }
126 silly addNameRange versions [ 'loader-utils',
126 silly addNameRange   [ '0.1.0',
126 silly addNameRange     '0.1.1',
126 silly addNameRange     '0.1.2',
126 silly addNameRange     '0.2.0',
126 silly addNameRange     '0.2.1',
126 silly addNameRange     '0.2.2',
126 silly addNameRange     '0.2.3',
126 silly addNameRange     '0.2.4',
126 silly addNameRange     '0.2.5',
126 silly addNameRange     '0.2.6',
126 silly addNameRange     '0.2.7',
126 silly addNameRange     '0.2.8',
126 silly addNameRange     '0.2.9',
126 silly addNameRange     '0.2.10',
126 silly addNameRange     '0.2.11',
126 silly addNameRange     '0.2.12',
126 silly addNameRange     '0.2.13',
126 silly addNameRange     '0.2.14',
126 silly addNameRange     '0.2.15',
126 silly addNameRange     '0.2.16' ] ]
127 silly addNamed loader-utils@0.2.16
128 verbose addNamed "0.2.16" is a plain semver version for loader-utils
129 silly cache afterAdd loader-utils@0.2.16
130 verbose afterAdd /Users/home/.npm/loader-utils/0.2.16/package/package.json not in flight; writing
131 verbose correctMkdir /Users/home/.npm correctMkdir not in flight; initializing
132 verbose afterAdd /Users/home/.npm/loader-utils/0.2.16/package/package.json written
133 http 200 https://registry.npmjs.org/mime
134 verbose headers { server: 'nginx/1.10.1',
134 verbose headers   'content-type': 'application/json',
134 verbose headers   'last-modified': 'Wed, 08 Feb 2017 02:52:20 GMT',
134 verbose headers   etag: 'W/"589a87e4-50ed"',
134 verbose headers   'content-encoding': 'gzip',
134 verbose headers   'cache-control': 'max-age=300',
134 verbose headers   'content-length': '3940',
134 verbose headers   'accept-ranges': 'bytes',
134 verbose headers   date: 'Fri, 10 Feb 2017 23:22:15 GMT',
134 verbose headers   via: '1.1 varnish',
134 verbose headers   age: '26',
134 verbose headers   connection: 'keep-alive',
134 verbose headers   'x-served-by': 'cache-lax8639-LAX',
134 verbose headers   'x-cache': 'HIT',
134 verbose headers   'x-cache-hits': '1',
134 verbose headers   'x-timer': 'S1486768935.929498,VS0,VE0',
134 verbose headers   vary: 'Accept-Encoding' }
135 silly get cb [ 200,
135 silly get   { server: 'nginx/1.10.1',
135 silly get     'content-type': 'application/json',
135 silly get     'last-modified': 'Wed, 08 Feb 2017 02:52:20 GMT',
135 silly get     etag: 'W/"589a87e4-50ed"',
135 silly get     'content-encoding': 'gzip',
135 silly get     'cache-control': 'max-age=300',
135 silly get     'content-length': '3940',
135 silly get     'accept-ranges': 'bytes',
135 silly get     date: 'Fri, 10 Feb 2017 23:22:15 GMT',
135 silly get     via: '1.1 varnish',
135 silly get     age: '26',
135 silly get     connection: 'keep-alive',
135 silly get     'x-served-by': 'cache-lax8639-LAX',
135 silly get     'x-cache': 'HIT',
135 silly get     'x-cache-hits': '1',
135 silly get     'x-timer': 'S1486768935.929498,VS0,VE0',
135 silly get     vary: 'Accept-Encoding' } ]
136 verbose get saving mime to /Users/home/.npm/registry.npmjs.org/mime/.cache.json
137 verbose correctMkdir /Users/home/.npm correctMkdir not in flight; initializing
138 silly addNameRange number 2 { name: 'mime', range: '>=1.2.0 <1.3.0', hasData: true }
139 silly addNameRange versions [ 'mime',
139 silly addNameRange   [ '1.0.0',
139 silly addNameRange     '1.1.0',
139 silly addNameRange     '1.2.1',
139 silly addNameRange     '1.2.2',
139 silly addNameRange     '1.2.3',
139 silly addNameRange     '1.2.4',
139 silly addNameRange     '1.2.5',
139 silly addNameRange     '1.2.6',
139 silly addNameRange     '1.2.7',
139 silly addNameRange     '1.2.8',
139 silly addNameRange     '1.2.9',
139 silly addNameRange     '1.2.10',
139 silly addNameRange     '1.2.11',
139 silly addNameRange     '1.3.0',
139 silly addNameRange     '1.3.2',
139 silly addNameRange     '1.3.3',
139 silly addNameRange     '1.3.4' ] ]
140 silly addNamed mime@1.2.11
141 verbose addNamed "1.2.11" is a plain semver version for mime
142 silly cache afterAdd mime@1.2.11
143 verbose afterAdd /Users/home/.npm/mime/1.2.11/package/package.json not in flight; writing
144 verbose correctMkdir /Users/home/.npm correctMkdir not in flight; initializing
145 verbose afterAdd /Users/home/.npm/mime/1.2.11/package/package.json written
146 silly install resolved [ { name: 'loader-utils',
146 silly install resolved     version: '0.2.16',
146 silly install resolved     author: { name: 'Tobias Koppers @sokra' },
146 silly install resolved     description: 'utils for webpack loaders',
146 silly install resolved     dependencies:
146 silly install resolved      { 'big.js': '^3.1.3',
146 silly install resolved        'emojis-list': '^2.0.0',
146 silly install resolved        json5: '^0.5.0',
146 silly install resolved        'object-assign': '^4.0.1' },
146 silly install resolved     scripts:
146 silly install resolved      { test: 'mocha',
146 silly install resolved        travis: 'npm run cover -- --report lcovonly',
146 silly install resolved        cover: 'istanbul cover -x *.runtime.js node_modules/mocha/bin/_mocha',
146 silly install resolved        'publish-patch': 'mocha && npm version patch && git push && git push --tags && npm publish' },
146 silly install resolved     license: 'MIT',
146 silly install resolved     repository:
146 silly install resolved      { type: 'git',
146 silly install resolved        url: 'git+https://github.com/webpack/loader-utils.git' },
146 silly install resolved     devDependencies: { coveralls: '^2.11.2', istanbul: '^0.3.14', mocha: '^1.21.4' },
146 silly install resolved     files: [ 'index.js' ],
146 silly install resolved     gitHead: '4ea2dfbfe03e3ca70576aff5fe5e4a4235232591',
146 silly install resolved     bugs: { url: 'https://github.com/webpack/loader-utils/issues' },
146 silly install resolved     homepage: 'https://github.com/webpack/loader-utils#readme',
146 silly install resolved     _id: 'loader-utils@0.2.16',
146 silly install resolved     _shasum: 'f08632066ed8282835dff88dfb52704765adee6d',
146 silly install resolved     _from: 'loader-utils@>=0.2.0 <0.3.0',
146 silly install resolved     _npmVersion: '3.3.3',
146 silly install resolved     _nodeVersion: '6.3.1',
146 silly install resolved     _npmUser: { name: 'sokra', email: 'tobias.koppers@googlemail.com' },
146 silly install resolved     dist:
146 silly install resolved      { shasum: 'f08632066ed8282835dff88dfb52704765adee6d',
146 silly install resolved        tarball: 'https://registry.npmjs.org/loader-utils/-/loader-utils-0.2.16.tgz' },
146 silly install resolved     maintainers: [ [Object] ],
146 silly install resolved     _npmOperationalInternal:
146 silly install resolved      { host: 'packages-16-east.internal.npmjs.com',
146 silly install resolved        tmp: 'tmp/loader-utils-0.2.16.tgz_1473890187319_0.20624244073405862' },
146 silly install resolved     directories: {},
146 silly install resolved     _resolved: 'https://registry.npmjs.org/loader-utils/-/loader-utils-0.2.16.tgz',
146 silly install resolved     readme: 'ERROR: No README data found!' },
146 silly install resolved   { author:
146 silly install resolved      { name: 'Robert Kieffer',
146 silly install resolved        email: 'robert@broofa.com',
146 silly install resolved        url: 'http://github.com/broofa' },
146 silly install resolved     contributors: [ [Object] ],
146 silly install resolved     dependencies: {},
146 silly install resolved     description: 'A comprehensive library for mime-type mapping',
146 silly install resolved     devDependencies: {},
146 silly install resolved     keywords: [ 'util', 'mime' ],
146 silly install resolved     main: 'mime.js',
146 silly install resolved     name: 'mime',
146 silly install resolved     repository:
146 silly install resolved      { url: 'git+https://github.com/broofa/node-mime.git',
146 silly install resolved        type: 'git' },
146 silly install resolved     version: '1.2.11',
146 silly install resolved     bugs: { url: 'https://github.com/broofa/node-mime/issues' },
146 silly install resolved     _id: 'mime@1.2.11',
146 silly install resolved     dist:
146 silly install resolved      { shasum: '58203eed86e3a5ef17aed2b7d9ebd47f0a60dd10',
146 silly install resolved        tarball: 'https://registry.npmjs.org/mime/-/mime-1.2.11.tgz' },
146 silly install resolved     _from: 'mime@>=1.2.0 <1.3.0',
146 silly install resolved     _npmVersion: '1.3.6',
146 silly install resolved     _npmUser: { name: 'broofa', email: 'robert@broofa.com' },
146 silly install resolved     maintainers: [ [Object], [Object] ],
146 silly install resolved     directories: {},
146 silly install resolved     _shasum: '58203eed86e3a5ef17aed2b7d9ebd47f0a60dd10',
146 silly install resolved     _resolved: 'https://registry.npmjs.org/mime/-/mime-1.2.11.tgz',
146 silly install resolved     readme: 'ERROR: No README data found!',
146 silly install resolved     homepage: 'https://github.com/broofa/node-mime#readme' } ]
147 info install loader-utils@0.2.16 into /Users/home/Repositories/ping-pong-tournament/node_modules/url-loader
148 info install mime@1.2.11 into /Users/home/Repositories/ping-pong-tournament/node_modules/url-loader
149 info installOne loader-utils@0.2.16
150 verbose installOne of loader-utils to /Users/home/Repositories/ping-pong-tournament/node_modules/url-loader not in flight; installing
151 verbose correctMkdir /Users/home/.npm/_locks correctMkdir not in flight; initializing
152 info installOne mime@1.2.11
153 verbose installOne of mime to /Users/home/Repositories/ping-pong-tournament/node_modules/url-loader not in flight; installing
154 verbose correctMkdir /Users/home/.npm/_locks correctMkdir not in flight; initializing
155 verbose lock using /Users/home/.npm/_locks/loader-utils-21f30db6eab20ae1.lock for /Users/home/Repositories/ping-pong-tournament/node_modules/url-loader/node_modules/loader-utils
156 silly install write writing loader-utils 0.2.16 to /Users/home/Repositories/ping-pong-tournament/node_modules/url-loader/node_modules/loader-utils
157 verbose lock using /Users/home/.npm/_locks/mime-de62233a626baa24.lock for /Users/home/Repositories/ping-pong-tournament/node_modules/url-loader/node_modules/mime
158 silly install write writing mime 1.2.11 to /Users/home/Repositories/ping-pong-tournament/node_modules/url-loader/node_modules/mime
159 verbose unbuild node_modules/url-loader/node_modules/loader-utils
160 verbose unbuild node_modules/url-loader/node_modules/mime
161 silly gentlyRm /Users/home/Repositories/ping-pong-tournament/node_modules/url-loader/node_modules/loader-utils is being purged from base /Users/home/Repositories/ping-pong-tournament
162 verbose gentlyRm don't care about contents; nuking /Users/home/Repositories/ping-pong-tournament/node_modules/url-loader/node_modules/loader-utils
163 verbose tar unpack /Users/home/.npm/loader-utils/0.2.16/package.tgz
164 verbose tar unpacking to /Users/home/Repositories/ping-pong-tournament/node_modules/url-loader/node_modules/loader-utils
165 silly gentlyRm /Users/home/Repositories/ping-pong-tournament/node_modules/url-loader/node_modules/loader-utils is being purged
166 verbose gentlyRm don't care about contents; nuking /Users/home/Repositories/ping-pong-tournament/node_modules/url-loader/node_modules/loader-utils
167 silly gentlyRm /Users/home/Repositories/ping-pong-tournament/node_modules/url-loader/node_modules/mime is being purged from base /Users/home/Repositories/ping-pong-tournament
168 verbose gentlyRm don't care about contents; nuking /Users/home/Repositories/ping-pong-tournament/node_modules/url-loader/node_modules/mime
169 silly gunzTarPerm modes [ '755', '644' ]
170 verbose tar unpack /Users/home/.npm/mime/1.2.11/package.tgz
171 verbose tar unpacking to /Users/home/Repositories/ping-pong-tournament/node_modules/url-loader/node_modules/mime
172 silly gentlyRm /Users/home/Repositories/ping-pong-tournament/node_modules/url-loader/node_modules/mime is being purged
173 verbose gentlyRm don't care about contents; nuking /Users/home/Repositories/ping-pong-tournament/node_modules/url-loader/node_modules/mime
174 silly gunzTarPerm modes [ '755', '644' ]
175 silly gunzTarPerm extractEntry package.json
176 silly gunzTarPerm modified mode [ 'package.json', 438, 420 ]
177 silly gunzTarPerm extractEntry LICENSE
178 silly gunzTarPerm modified mode [ 'LICENSE', 438, 420 ]
179 silly gunzTarPerm extractEntry index.js
180 silly gunzTarPerm modified mode [ 'index.js', 438, 420 ]
181 verbose write writing to /Users/home/Repositories/ping-pong-tournament/node_modules/url-loader/node_modules/loader-utils/package.json
182 silly gunzTarPerm extractEntry package.json
183 info preinstall loader-utils@0.2.16
184 silly gunzTarPerm extractEntry README.md
185 silly gunzTarPerm extractEntry LICENSE
186 verbose readDependencies loading dependencies from /Users/home/Repositories/ping-pong-tournament/node_modules/url-loader/node_modules/loader-utils/package.json
187 silly prepareForInstallMany adding big.js@^3.1.3 from loader-utils dependencies
188 silly prepareForInstallMany adding emojis-list@^2.0.0 from loader-utils dependencies
189 silly prepareForInstallMany adding json5@^0.5.0 from loader-utils dependencies
190 silly prepareForInstallMany adding object-assign@^4.0.1 from loader-utils dependencies
191 verbose readDependencies loading dependencies from /Users/home/Repositories/ping-pong-tournament/node_modules/url-loader/node_modules/loader-utils/package.json
192 silly gunzTarPerm extractEntry mime.js
193 silly gunzTarPerm extractEntry test.js
194 silly gunzTarPerm extractEntry types/mime.types
195 silly gunzTarPerm extractEntry types/node.types
196 silly cache add args [ 'big.js@^3.1.3', null ]
197 verbose cache add spec big.js@^3.1.3
198 silly cache add args [ 'emojis-list@^2.0.0', null ]
199 verbose cache add spec emojis-list@^2.0.0
200 silly cache add parsed spec Result {
200 silly cache add   raw: 'big.js@^3.1.3',
200 silly cache add   scope: null,
200 silly cache add   name: 'big.js',
200 silly cache add   rawSpec: '^3.1.3',
200 silly cache add   spec: '>=3.1.3 <4.0.0',
200 silly cache add   type: 'range' }
201 silly addNamed big.js@>=3.1.3 <4.0.0
202 verbose addNamed ">=3.1.3 <4.0.0" is a valid semver range for big.js
203 silly addNameRange { name: 'big.js', range: '>=3.1.3 <4.0.0', hasData: false }
204 silly mapToRegistry name big.js
205 silly mapToRegistry using default registry
206 silly mapToRegistry registry https://registry.npmjs.org/
207 silly mapToRegistry data Result {
207 silly mapToRegistry   raw: 'big.js',
207 silly mapToRegistry   scope: null,
207 silly mapToRegistry   name: 'big.js',
207 silly mapToRegistry   rawSpec: '',
207 silly mapToRegistry   spec: 'latest',
207 silly mapToRegistry   type: 'tag' }
208 silly mapToRegistry uri https://registry.npmjs.org/big.js
209 verbose addNameRange registry:https://registry.npmjs.org/big.js not in flight; fetching
210 silly cache add parsed spec Result {
210 silly cache add   raw: 'emojis-list@^2.0.0',
210 silly cache add   scope: null,
210 silly cache add   name: 'emojis-list',
210 silly cache add   rawSpec: '^2.0.0',
210 silly cache add   spec: '>=2.0.0 <3.0.0',
210 silly cache add   type: 'range' }
211 silly addNamed emojis-list@>=2.0.0 <3.0.0
212 verbose addNamed ">=2.0.0 <3.0.0" is a valid semver range for emojis-list
213 silly addNameRange { name: 'emojis-list', range: '>=2.0.0 <3.0.0', hasData: false }
214 silly mapToRegistry name emojis-list
215 silly mapToRegistry using default registry
216 silly mapToRegistry registry https://registry.npmjs.org/
217 silly mapToRegistry data Result {
217 silly mapToRegistry   raw: 'emojis-list',
217 silly mapToRegistry   scope: null,
217 silly mapToRegistry   name: 'emojis-list',
217 silly mapToRegistry   rawSpec: '',
217 silly mapToRegistry   spec: 'latest',
217 silly mapToRegistry   type: 'tag' }
218 silly mapToRegistry uri https://registry.npmjs.org/emojis-list
219 verbose addNameRange registry:https://registry.npmjs.org/emojis-list not in flight; fetching
220 silly cache add args [ 'json5@^0.5.0', null ]
221 verbose cache add spec json5@^0.5.0
222 silly cache add parsed spec Result {
222 silly cache add   raw: 'json5@^0.5.0',
222 silly cache add   scope: null,
222 silly cache add   name: 'json5',
222 silly cache add   rawSpec: '^0.5.0',
222 silly cache add   spec: '>=0.5.0 <0.6.0',
222 silly cache add   type: 'range' }
223 silly addNamed json5@>=0.5.0 <0.6.0
224 verbose addNamed ">=0.5.0 <0.6.0" is a valid semver range for json5
225 silly addNameRange { name: 'json5', range: '>=0.5.0 <0.6.0', hasData: false }
226 silly mapToRegistry name json5
227 silly mapToRegistry using default registry
228 silly mapToRegistry registry https://registry.npmjs.org/
229 silly mapToRegistry data Result {
229 silly mapToRegistry   raw: 'json5',
229 silly mapToRegistry   scope: null,
229 silly mapToRegistry   name: 'json5',
229 silly mapToRegistry   rawSpec: '',
229 silly mapToRegistry   spec: 'latest',
229 silly mapToRegistry   type: 'tag' }
230 silly mapToRegistry uri https://registry.npmjs.org/json5
231 verbose addNameRange registry:https://registry.npmjs.org/json5 not in flight; fetching
232 silly cache add args [ 'object-assign@^4.0.1', null ]
233 verbose cache add spec object-assign@^4.0.1
234 silly cache add parsed spec Result {
234 silly cache add   raw: 'object-assign@^4.0.1',
234 silly cache add   scope: null,
234 silly cache add   name: 'object-assign',
234 silly cache add   rawSpec: '^4.0.1',
234 silly cache add   spec: '>=4.0.1 <5.0.0',
234 silly cache add   type: 'range' }
235 silly addNamed object-assign@>=4.0.1 <5.0.0
236 verbose addNamed ">=4.0.1 <5.0.0" is a valid semver range for object-assign
237 silly addNameRange { name: 'object-assign',
237 silly addNameRange   range: '>=4.0.1 <5.0.0',
237 silly addNameRange   hasData: false }
238 silly mapToRegistry name object-assign
239 silly mapToRegistry using default registry
240 silly mapToRegistry registry https://registry.npmjs.org/
241 silly mapToRegistry data Result {
241 silly mapToRegistry   raw: 'object-assign',
241 silly mapToRegistry   scope: null,
241 silly mapToRegistry   name: 'object-assign',
241 silly mapToRegistry   rawSpec: '',
241 silly mapToRegistry   spec: 'latest',
241 silly mapToRegistry   type: 'tag' }
242 silly mapToRegistry uri https://registry.npmjs.org/object-assign
243 verbose addNameRange registry:https://registry.npmjs.org/object-assign not in flight; fetching
244 verbose request uri https://registry.npmjs.org/emojis-list
245 verbose request no auth needed
246 info attempt registry request try #1 at 4:22:16 PM
247 verbose etag W/"582f83e1-345b"
248 verbose lastModified Fri, 18 Nov 2016 22:42:41 GMT
249 http request GET https://registry.npmjs.org/emojis-list
250 verbose request uri https://registry.npmjs.org/big.js
251 verbose request no auth needed
252 info attempt registry request try #1 at 4:22:16 PM
253 verbose etag W/"586ccd9e-5b5b"
254 verbose lastModified Wed, 04 Jan 2017 10:25:34 GMT
255 http request GET https://registry.npmjs.org/big.js
256 verbose request uri https://registry.npmjs.org/json5
257 verbose request no auth needed
258 info attempt registry request try #1 at 4:22:16 PM
259 verbose etag W/"58652c11-4619"
260 verbose lastModified Thu, 29 Dec 2016 15:30:25 GMT
261 http request GET https://registry.npmjs.org/json5
262 verbose write writing to /Users/home/Repositories/ping-pong-tournament/node_modules/url-loader/node_modules/mime/package.json
263 verbose request uri https://registry.npmjs.org/object-assign
264 verbose request no auth needed
265 info attempt registry request try #1 at 4:22:16 PM
266 verbose etag W/"58921d04-5cec"
267 verbose lastModified Wed, 01 Feb 2017 17:38:12 GMT
268 http request GET https://registry.npmjs.org/object-assign
269 info preinstall mime@1.2.11
270 verbose readDependencies loading dependencies from /Users/home/Repositories/ping-pong-tournament/node_modules/url-loader/node_modules/mime/package.json
271 verbose readDependencies loading dependencies from /Users/home/Repositories/ping-pong-tournament/node_modules/url-loader/node_modules/mime/package.json
272 silly install resolved []
273 verbose about to build /Users/home/Repositories/ping-pong-tournament/node_modules/url-loader/node_modules/mime
274 info build /Users/home/Repositories/ping-pong-tournament/node_modules/url-loader/node_modules/mime
275 info linkStuff mime@1.2.11
276 silly linkStuff mime@1.2.11 has /Users/home/Repositories/ping-pong-tournament/node_modules/url-loader/node_modules as its parent node_modules
277 http 304 https://registry.npmjs.org/emojis-list
278 verbose headers { date: 'Fri, 10 Feb 2017 23:22:16 GMT',
278 verbose headers   via: '1.1 varnish',
278 verbose headers   'cache-control': 'max-age=300',
278 verbose headers   etag: 'W/"582f83e1-345b"',
278 verbose headers   age: '49',
278 verbose headers   connection: 'keep-alive',
278 verbose headers   'x-served-by': 'cache-lax8647-LAX',
278 verbose headers   'x-cache': 'HIT',
278 verbose headers   'x-cache-hits': '1',
278 verbose headers   'x-timer': 'S1486768936.101981,VS0,VE0',
278 verbose headers   vary: 'Accept-Encoding' }
279 silly get cb [ 304,
279 silly get   { date: 'Fri, 10 Feb 2017 23:22:16 GMT',
279 silly get     via: '1.1 varnish',
279 silly get     'cache-control': 'max-age=300',
279 silly get     etag: 'W/"582f83e1-345b"',
279 silly get     age: '49',
279 silly get     connection: 'keep-alive',
279 silly get     'x-served-by': 'cache-lax8647-LAX',
279 silly get     'x-cache': 'HIT',
279 silly get     'x-cache-hits': '1',
279 silly get     'x-timer': 'S1486768936.101981,VS0,VE0',
279 silly get     vary: 'Accept-Encoding' } ]
280 verbose etag https://registry.npmjs.org/emojis-list from cache
281 verbose get saving emojis-list to /Users/home/.npm/registry.npmjs.org/emojis-list/.cache.json
282 verbose correctMkdir /Users/home/.npm correctMkdir not in flight; initializing
283 http 304 https://registry.npmjs.org/big.js
284 verbose headers { date: 'Fri, 10 Feb 2017 23:22:16 GMT',
284 verbose headers   via: '1.1 varnish',
284 verbose headers   'cache-control': 'max-age=300',
284 verbose headers   etag: 'W/"586ccd9e-5b5b"',
284 verbose headers   age: '49',
284 verbose headers   connection: 'keep-alive',
284 verbose headers   'x-served-by': 'cache-lax8639-LAX',
284 verbose headers   'x-cache': 'HIT',
284 verbose headers   'x-cache-hits': '1',
284 verbose headers   'x-timer': 'S1486768936.102036,VS0,VE0',
284 verbose headers   vary: 'Accept-Encoding' }
285 silly get cb [ 304,
285 silly get   { date: 'Fri, 10 Feb 2017 23:22:16 GMT',
285 silly get     via: '1.1 varnish',
285 silly get     'cache-control': 'max-age=300',
285 silly get     etag: 'W/"586ccd9e-5b5b"',
285 silly get     age: '49',
285 silly get     connection: 'keep-alive',
285 silly get     'x-served-by': 'cache-lax8639-LAX',
285 silly get     'x-cache': 'HIT',
285 silly get     'x-cache-hits': '1',
285 silly get     'x-timer': 'S1486768936.102036,VS0,VE0',
285 silly get     vary: 'Accept-Encoding' } ]
286 verbose etag https://registry.npmjs.org/big.js from cache
287 verbose get saving big.js to /Users/home/.npm/registry.npmjs.org/big.js/.cache.json
288 verbose correctMkdir /Users/home/.npm correctMkdir not in flight; initializing
289 verbose linkBins mime@1.2.11
290 verbose linkMans mime@1.2.11
291 verbose rebuildBundles mime@1.2.11
292 info install mime@1.2.11
293 info postinstall mime@1.2.11
294 silly addNameRange number 2 { name: 'emojis-list', range: '>=2.0.0 <3.0.0', hasData: true }
295 silly addNameRange versions [ 'emojis-list',
295 silly addNameRange   [ '1.0.0', '1.0.1', '1.0.2', '1.0.3', '2.0.0', '2.0.1', '2.1.0' ] ]
296 silly addNamed emojis-list@2.1.0
297 verbose addNamed "2.1.0" is a plain semver version for emojis-list
298 silly addNameRange number 2 { name: 'big.js', range: '>=3.1.3 <4.0.0', hasData: true }
299 silly addNameRange versions [ 'big.js',
299 silly addNameRange   [ '2.0.0',
299 silly addNameRange     '2.1.0',
299 silly addNameRange     '2.2.0',
299 silly addNameRange     '2.4.0',
299 silly addNameRange     '2.4.1',
299 silly addNameRange     '2.5.0',
299 silly addNameRange     '2.5.1',
299 silly addNameRange     '3.0.0',
299 silly addNameRange     '3.0.1',
299 silly addNameRange     '3.0.2',
299 silly addNameRange     '3.1.1',
299 silly addNameRange     '3.1.2',
299 silly addNameRange     '3.1.3' ] ]
300 silly addNamed big.js@3.1.3
301 verbose addNamed "3.1.3" is a plain semver version for big.js
302 verbose unlock done using /Users/home/.npm/_locks/mime-de62233a626baa24.lock for /Users/home/Repositories/ping-pong-tournament/node_modules/url-loader/node_modules/mime
303 silly cache afterAdd emojis-list@2.1.0
304 verbose afterAdd /Users/home/.npm/emojis-list/2.1.0/package/package.json not in flight; writing
305 verbose correctMkdir /Users/home/.npm correctMkdir not in flight; initializing
306 silly cache afterAdd big.js@3.1.3
307 verbose afterAdd /Users/home/.npm/big.js/3.1.3/package/package.json not in flight; writing
308 verbose correctMkdir /Users/home/.npm correctMkdir not in flight; initializing
309 verbose afterAdd /Users/home/.npm/emojis-list/2.1.0/package/package.json written
310 verbose afterAdd /Users/home/.npm/big.js/3.1.3/package/package.json written
311 http 304 https://registry.npmjs.org/json5
312 verbose headers { date: 'Fri, 10 Feb 2017 23:22:16 GMT',
312 verbose headers   via: '1.1 varnish',
312 verbose headers   'cache-control': 'max-age=300',
312 verbose headers   etag: 'W/"58652c11-4619"',
312 verbose headers   age: '101',
312 verbose headers   connection: 'keep-alive',
312 verbose headers   'x-served-by': 'cache-lax8648-LAX',
312 verbose headers   'x-cache': 'HIT',
312 verbose headers   'x-cache-hits': '2',
312 verbose headers   'x-timer': 'S1486768936.152810,VS0,VE0',
312 verbose headers   vary: 'Accept-Encoding' }
313 silly get cb [ 304,
313 silly get   { date: 'Fri, 10 Feb 2017 23:22:16 GMT',
313 silly get     via: '1.1 varnish',
313 silly get     'cache-control': 'max-age=300',
313 silly get     etag: 'W/"58652c11-4619"',
313 silly get     age: '101',
313 silly get     connection: 'keep-alive',
313 silly get     'x-served-by': 'cache-lax8648-LAX',
313 silly get     'x-cache': 'HIT',
313 silly get     'x-cache-hits': '2',
313 silly get     'x-timer': 'S1486768936.152810,VS0,VE0',
313 silly get     vary: 'Accept-Encoding' } ]
314 verbose etag https://registry.npmjs.org/json5 from cache
315 verbose get saving json5 to /Users/home/.npm/registry.npmjs.org/json5/.cache.json
316 verbose correctMkdir /Users/home/.npm correctMkdir not in flight; initializing
317 silly addNameRange number 2 { name: 'json5', range: '>=0.5.0 <0.6.0', hasData: true }
318 silly addNameRange versions [ 'json5',
318 silly addNameRange   [ '0.0.0', '0.0.1', '0.1.0', '0.2.0', '0.4.0', '0.5.0', '0.5.1' ] ]
319 silly addNamed json5@0.5.1
320 verbose addNamed "0.5.1" is a plain semver version for json5
321 silly cache afterAdd json5@0.5.1
322 verbose afterAdd /Users/home/.npm/json5/0.5.1/package/package.json not in flight; writing
323 verbose correctMkdir /Users/home/.npm correctMkdir not in flight; initializing
324 verbose afterAdd /Users/home/.npm/json5/0.5.1/package/package.json written
325 http 304 https://registry.npmjs.org/object-assign
326 verbose headers { date: 'Fri, 10 Feb 2017 23:22:16 GMT',
326 verbose headers   via: '1.1 varnish',
326 verbose headers   'cache-control': 'max-age=300',
326 verbose headers   etag: 'W/"58921d04-5cec"',
326 verbose headers   age: '277',
326 verbose headers   connection: 'keep-alive',
326 verbose headers   'x-served-by': 'cache-lax8626-LAX',
326 verbose headers   'x-cache': 'HIT',
326 verbose headers   'x-cache-hits': '6',
326 verbose headers   'x-timer': 'S1486768936.167265,VS0,VE0',
326 verbose headers   vary: 'Accept-Encoding' }
327 silly get cb [ 304,
327 silly get   { date: 'Fri, 10 Feb 2017 23:22:16 GMT',
327 silly get     via: '1.1 varnish',
327 silly get     'cache-control': 'max-age=300',
327 silly get     etag: 'W/"58921d04-5cec"',
327 silly get     age: '277',
327 silly get     connection: 'keep-alive',
327 silly get     'x-served-by': 'cache-lax8626-LAX',
327 silly get     'x-cache': 'HIT',
327 silly get     'x-cache-hits': '6',
327 silly get     'x-timer': 'S1486768936.167265,VS0,VE0',
327 silly get     vary: 'Accept-Encoding' } ]
328 verbose etag https://registry.npmjs.org/object-assign from cache
329 verbose get saving object-assign to /Users/home/.npm/registry.npmjs.org/object-assign/.cache.json
330 verbose correctMkdir /Users/home/.npm correctMkdir not in flight; initializing
331 silly addNameRange number 2 { name: 'object-assign', range: '>=4.0.1 <5.0.0', hasData: true }
332 silly addNameRange versions [ 'object-assign',
332 silly addNameRange   [ '0.1.0',
332 silly addNameRange     '0.1.1',
332 silly addNameRange     '0.1.2',
332 silly addNameRange     '0.2.0',
332 silly addNameRange     '0.2.1',
332 silly addNameRange     '0.2.2',
332 silly addNameRange     '0.3.0',
332 silly addNameRange     '0.3.1',
332 silly addNameRange     '0.4.0',
332 silly addNameRange     '1.0.0',
332 silly addNameRange     '2.0.0',
332 silly addNameRange     '3.0.0',
332 silly addNameRange     '2.1.1',
332 silly addNameRange     '4.0.0',
332 silly addNameRange     '4.0.1',
332 silly addNameRange     '4.1.0',
332 silly addNameRange     '4.1.1' ] ]
333 silly addNamed object-assign@4.1.1
334 verbose addNamed "4.1.1" is a plain semver version for object-assign
335 silly cache afterAdd object-assign@4.1.1
336 verbose afterAdd /Users/home/.npm/object-assign/4.1.1/package/package.json not in flight; writing
337 verbose correctMkdir /Users/home/.npm correctMkdir not in flight; initializing
338 verbose afterAdd /Users/home/.npm/object-assign/4.1.1/package/package.json written
339 silly install resolved [ { name: 'emojis-list',
339 silly install resolved     description: 'Complete list of standard emojis.',
339 silly install resolved     homepage: 'https://github.com/Kikobeats/emojis-list',
339 silly install resolved     version: '2.1.0',
339 silly install resolved     main: './index.js',
339 silly install resolved     author:
339 silly install resolved      { name: 'Kiko Beats',
339 silly install resolved        email: 'josefrancisco.verdu@gmail.com',
339 silly install resolved        url: 'https://github.com/Kikobeats' },
339 silly install resolved     repository:
339 silly install resolved      { type: 'git',
339 silly install resolved        url: 'git+https://github.com/kikobeats/emojis-list.git' },
339 silly install resolved     bugs: { url: 'https://github.com/Kikobeats/emojis-list/issues' },
339 silly install resolved     keywords: [ 'archive', 'complete', 'emoji', 'list', 'standard' ],
339 silly install resolved     devDependencies:
339 silly install resolved      { acho: 'latest',
339 silly install resolved        browserify: 'latest',
339 silly install resolved        cheerio: 'latest',
339 silly install resolved        got: '>=5 <6',
339 silly install resolved        gulp: 'latest',
339 silly install resolved        'gulp-header': 'latest',
339 silly install resolved        'gulp-uglify': 'latest',
339 silly install resolved        'gulp-util': 'latest',
339 silly install resolved        standard: 'latest',
339 silly install resolved        'vinyl-buffer': 'latest',
339 silly install resolved        'vinyl-source-stream': 'latest' },
339 silly install resolved     engines: { node: '>= 0.10' },
339 silly install resolved     files: [ 'index.js' ],
339 silly install resolved     scripts:
339 silly install resolved      { pretest: 'standard update.js',
339 silly install resolved        test: 'echo \'YOLO\'',
339 silly install resolved        update: 'node update' },
339 silly install resolved     license: 'MIT',
339 silly install resolved     gitHead: 'be6942ce8973057a6ac3aab5b84a9a9585e89417',
339 silly install resolved     _id: 'emojis-list@2.1.0',
339 silly install resolved     _shasum: '4daa4d9db00f9819880c79fa457ae5b09a1fd389',
339 silly install resolved     _from: 'emojis-list@>=2.0.0 <3.0.0',
339 silly install resolved     _npmVersion: '3.10.3',
339 silly install resolved     _nodeVersion: '6.7.0',
339 silly install resolved     _npmUser: { name: 'kikobeats', email: 'josefrancisco.verdu@gmail.com' },
339 silly install resolved     dist:
339 silly install resolved      { shasum: '4daa4d9db00f9819880c79fa457ae5b09a1fd389',
339 silly install resolved        tarball: 'https://registry.npmjs.org/emojis-list/-/emojis-list-2.1.0.tgz' },
339 silly install resolved     maintainers: [ [Object] ],
339 silly install resolved     _npmOperationalInternal:
339 silly install resolved      { host: 'packages-16-east.internal.npmjs.com',
339 silly install resolved        tmp: 'tmp/emojis-list-2.1.0.tgz_1475503274409_0.1915575808379799' },
339 silly install resolved     directories: {},
339 silly install resolved     _resolved: 'https://registry.npmjs.org/emojis-list/-/emojis-list-2.1.0.tgz',
339 silly install resolved     readme: 'ERROR: No README data found!' },
339 silly install resolved   { name: 'big.js',
339 silly install resolved     description: 'A small, fast, easy-to-use library for arbitrary-precision decimal arithmetic',
339 silly install resolved     version: '3.1.3',
339 silly install resolved     keywords:
339 silly install resolved      [ 'arbitrary',
339 silly install resolved        'precision',
339 silly install resolved        'arithmetic',
339 silly install resolved        'big',
339 silly install resolved        'number',
339 silly install resolved        'decimal',
339 silly install resolved        'float',
339 silly install resolved        'biginteger',
339 silly install resolved        'bigdecimal',
339 silly install resolved        'bignumber',
339 silly install resolved        'bigint',
339 silly install resolved        'bignum' ],
339 silly install resolved     repository:
339 silly install resolved      { type: 'git',
339 silly install resolved        url: 'git+https://github.com/MikeMcl/big.js.git' },
339 silly install resolved     main: './big',
339 silly install resolved     author: { name: 'Michael Mclaughlin', email: 'M8ch88l@gmail.com' },
339 silly install resolved     bugs: { url: 'https://github.com/MikeMcl/big.js/issues' },
339 silly install resolved     engines: { node: '*' },
339 silly install resolved     license: 'MIT',
339 silly install resolved     scripts:
339 silly install resolved      { test: 'node ./test/every-test.js',
339 silly install resolved        build: 'uglifyjs -o ./big.min.js ./big.js' },
339 silly install resolved     files: [ 'big.js', 'big.min.js' ],
339 silly install resolved     gitHead: '86268e96b3dbf6db8ce319489f410277d9d4ea1b',
339 silly install resolved     homepage: 'https://github.com/MikeMcl/big.js#readme',
339 silly install resolved     _id: 'big.js@3.1.3',
339 silly install resolved     _shasum: '4cada2193652eb3ca9ec8e55c9015669c9806978',
339 silly install resolved     _from: 'big.js@>=3.1.3 <4.0.0',
339 silly install resolved     _npmVersion: '2.9.1',
339 silly install resolved     _nodeVersion: '0.12.0',
339 silly install resolved     _npmUser: { name: 'mikemcl', email: 'M8ch88l@gmail.com' },
339 silly install resolved     maintainers: [ [Object] ],
339 silly install resolved     dist:
339 silly install resolved      { shasum: '4cada2193652eb3ca9ec8e55c9015669c9806978',
339 silly install resolved        tarball: 'https://registry.npmjs.org/big.js/-/big.js-3.1.3.tgz' },
339 silly install resolved     directories: {},
339 silly install resolved     _resolved: 'https://registry.npmjs.org/big.js/-/big.js-3.1.3.tgz',
339 silly install resolved     readme: 'ERROR: No README data found!' },
339 silly install resolved   { name: 'json5',
339 silly install resolved     version: '0.5.1',
339 silly install resolved     description: 'JSON for the ES5 era.',
339 silly install resolved     keywords: [ 'json', 'es5' ],
339 silly install resolved     author: { name: 'Aseem Kishore', email: 'aseem.kishore@gmail.com' },
339 silly install resolved     contributors: [ [Object], [Object], [Object] ],
339 silly install resolved     main: 'lib/json5.js',
339 silly install resolved     bin: { json5: 'lib/cli.js' },
339 silly install resolved     files: [ 'lib/' ],
339 silly install resolved     dependencies: {},
339 silly install resolved     devDependencies:
339 silly install resolved      { gulp: '^3.9.1',
339 silly install resolved        'gulp-jshint': '^2.0.1',
339 silly install resolved        jshint: '^2.9.3',
339 silly install resolved        'jshint-stylish': '^2.2.1',
339 silly install resolved        mocha: '^3.1.0' },
339 silly install resolved     scripts:
339 silly install resolved      { build: 'node ./lib/cli.js -c package.json5',
339 silly install resolved        test: 'mocha --ui exports --reporter spec' },
339 silly install resolved     homepage: 'http://json5.org/',
339 silly install resolved     license: 'MIT',
339 silly install resolved     repository: { type: 'git', url: 'git+https://github.com/aseemk/json5.git' },
339 silly install resolved     gitHead: '6be6a70e250e6fbbf42db75cd1f6a1aadeeeeb07',
339 silly install resolved     bugs: { url: 'https://github.com/aseemk/json5/issues' },
339 silly install resolved     _id: 'json5@0.5.1',
339 silly install resolved     _shasum: '1eade7acc012034ad84e2396767ead9fa5495821',
339 silly install resolved     _from: 'json5@>=0.5.0 <0.6.0',
339 silly install resolved     _npmVersion: '3.10.9',
339 silly install resolved     _nodeVersion: '6.9.1',
339 silly install resolved     _npmUser: { name: 'jordanbtucker', email: 'jordanbtucker@gmail.com' },
339 silly install resolved     dist:
339 silly install resolved      { shasum: '1eade7acc012034ad84e2396767ead9fa5495821',
339 silly install resolved        tarball: 'https://registry.npmjs.org/json5/-/json5-0.5.1.tgz' },
339 silly install resolved     maintainers: [ [Object], [Object] ],
339 silly install resolved     _npmOperationalInternal:
339 silly install resolved      { host: 'packages-18-east.internal.npmjs.com',
339 silly install resolved        tmp: 'tmp/json5-0.5.1.tgz_1480284434295_0.5308296058792621' },
339 silly install resolved     directories: {},
339 silly install resolved     _resolved: 'https://registry.npmjs.org/json5/-/json5-0.5.1.tgz',
339 silly install resolved     readme: 'ERROR: No README data found!' },
339 silly install resolved   { name: 'object-assign',
339 silly install resolved     version: '4.1.1',
339 silly install resolved     description: 'ES2015 `Object.assign()` ponyfill',
339 silly install resolved     license: 'MIT',
339 silly install resolved     repository:
339 silly install resolved      { type: 'git',
339 silly install resolved        url: 'git+https://github.com/sindresorhus/object-assign.git' },
339 silly install resolved     author:
339 silly install resolved      { name: 'Sindre Sorhus',
339 silly install resolved        email: 'sindresorhus@gmail.com',
339 silly install resolved        url: 'sindresorhus.com' },
339 silly install resolved     engines: { node: '>=0.10.0' },
339 silly install resolved     scripts: { test: 'xo && ava', bench: 'matcha bench.js' },
339 silly install resolved     files: [ 'index.js' ],
339 silly install resolved     keywords:
339 silly install resolved      [ 'object',
339 silly install resolved        'assign',
339 silly install resolved        'extend',
339 silly install resolved        'properties',
339 silly install resolved        'es2015',
339 silly install resolved        'ecmascript',
339 silly install resolved        'harmony',
339 silly install resolved        'ponyfill',
339 silly install resolved        'prollyfill',
339 silly install resolved        'polyfill',
339 silly install resolved        'shim',
339 silly install resolved        'browser' ],
339 silly install resolved     devDependencies:
339 silly install resolved      { ava: '^0.16.0',
339 silly install resolved        lodash: '^4.16.4',
339 silly install resolved        matcha: '^0.7.0',
339 silly install resolved        xo: '^0.16.0' },
339 silly install resolved     gitHead: 'a89774b252c91612203876984bbd6addbe3b5a0e',
339 silly install resolved     bugs: { url: 'https://github.com/sindresorhus/object-assign/issues' },
339 silly install resolved     homepage: 'https://github.com/sindresorhus/object-assign#readme',
339 silly install resolved     _id: 'object-assign@4.1.1',
339 silly install resolved     _shasum: '2109adc7965887cfc05cbbd442cac8bfbb360863',
339 silly install resolved     _from: 'object-assign@>=4.0.1 <5.0.0',
339 silly install resolved     _npmVersion: '2.15.11',
339 silly install resolved     _nodeVersion: '4.6.2',
339 silly install resolved     _npmUser: { name: 'sindresorhus', email: 'sindresorhus@gmail.com' },
339 silly install resolved     dist:
339 silly install resolved      { shasum: '2109adc7965887cfc05cbbd442cac8bfbb360863',
339 silly install resolved        tarball: 'https://registry.npmjs.org/object-assign/-/object-assign-4.1.1.tgz' },
339 silly install resolved     maintainers: [ [Object], [Object], [Object] ],
339 silly install resolved     _npmOperationalInternal:
339 silly install resolved      { host: 'packages-12-west.internal.npmjs.com',
339 silly install resolved        tmp: 'tmp/object-assign-4.1.1.tgz_1484580915042_0.07107710791751742' },
339 silly install resolved     directories: {},
339 silly install resolved     _resolved: 'https://registry.npmjs.org/object-assign/-/object-assign-4.1.1.tgz',
339 silly install resolved     readme: 'ERROR: No README data found!' } ]
340 info install emojis-list@2.1.0 into /Users/home/Repositories/ping-pong-tournament/node_modules/url-loader/node_modules/loader-utils
341 info install big.js@3.1.3 into /Users/home/Repositories/ping-pong-tournament/node_modules/url-loader/node_modules/loader-utils
342 info install json5@0.5.1 into /Users/home/Repositories/ping-pong-tournament/node_modules/url-loader/node_modules/loader-utils
343 info install object-assign@4.1.1 into /Users/home/Repositories/ping-pong-tournament/node_modules/url-loader/node_modules/loader-utils
344 info installOne emojis-list@2.1.0
345 verbose installOne of emojis-list to /Users/home/Repositories/ping-pong-tournament/node_modules/url-loader/node_modules/loader-utils not in flight; installing
346 verbose correctMkdir /Users/home/.npm/_locks correctMkdir not in flight; initializing
347 info installOne big.js@3.1.3
348 verbose installOne of big.js to /Users/home/Repositories/ping-pong-tournament/node_modules/url-loader/node_modules/loader-utils not in flight; installing
349 verbose correctMkdir /Users/home/.npm/_locks correctMkdir not in flight; initializing
350 info installOne json5@0.5.1
351 verbose installOne of json5 to /Users/home/Repositories/ping-pong-tournament/node_modules/url-loader/node_modules/loader-utils not in flight; installing
352 verbose correctMkdir /Users/home/.npm/_locks correctMkdir not in flight; initializing
353 info installOne object-assign@4.1.1
354 verbose installOne of object-assign to /Users/home/Repositories/ping-pong-tournament/node_modules/url-loader/node_modules/loader-utils not in flight; installing
355 verbose correctMkdir /Users/home/.npm/_locks correctMkdir not in flight; initializing
356 verbose lock using /Users/home/.npm/_locks/emojis-list-de29d94679b96915.lock for /Users/home/Repositories/ping-pong-tournament/node_modules/url-loader/node_modules/loader-utils/node_modules/emojis-list
357 silly install write writing emojis-list 2.1.0 to /Users/home/Repositories/ping-pong-tournament/node_modules/url-loader/node_modules/loader-utils/node_modules/emojis-list
358 verbose lock using /Users/home/.npm/_locks/big-js-6dbebb2813709208.lock for /Users/home/Repositories/ping-pong-tournament/node_modules/url-loader/node_modules/loader-utils/node_modules/big.js
359 verbose lock using /Users/home/.npm/_locks/object-assign-0dffae6379c05d65.lock for /Users/home/Repositories/ping-pong-tournament/node_modules/url-loader/node_modules/loader-utils/node_modules/object-assign
360 verbose lock using /Users/home/.npm/_locks/json5-21c3f79b097fabd9.lock for /Users/home/Repositories/ping-pong-tournament/node_modules/url-loader/node_modules/loader-utils/node_modules/json5
361 silly install write writing big.js 3.1.3 to /Users/home/Repositories/ping-pong-tournament/node_modules/url-loader/node_modules/loader-utils/node_modules/big.js
362 silly install write writing object-assign 4.1.1 to /Users/home/Repositories/ping-pong-tournament/node_modules/url-loader/node_modules/loader-utils/node_modules/object-assign
363 silly install write writing json5 0.5.1 to /Users/home/Repositories/ping-pong-tournament/node_modules/url-loader/node_modules/loader-utils/node_modules/json5
364 verbose unbuild node_modules/url-loader/node_modules/loader-utils/node_modules/emojis-list
365 verbose unbuild node_modules/url-loader/node_modules/loader-utils/node_modules/big.js
366 verbose unbuild node_modules/url-loader/node_modules/loader-utils/node_modules/object-assign
367 silly gentlyRm /Users/home/Repositories/ping-pong-tournament/node_modules/url-loader/node_modules/loader-utils/node_modules/emojis-list is being purged from base /Users/home/Repositories/ping-pong-tournament
368 verbose gentlyRm don't care about contents; nuking /Users/home/Repositories/ping-pong-tournament/node_modules/url-loader/node_modules/loader-utils/node_modules/emojis-list
369 verbose unbuild node_modules/url-loader/node_modules/loader-utils/node_modules/json5
370 verbose tar unpack /Users/home/.npm/emojis-list/2.1.0/package.tgz
371 verbose tar unpacking to /Users/home/Repositories/ping-pong-tournament/node_modules/url-loader/node_modules/loader-utils/node_modules/emojis-list
372 silly gentlyRm /Users/home/Repositories/ping-pong-tournament/node_modules/url-loader/node_modules/loader-utils/node_modules/emojis-list is being purged
373 verbose gentlyRm don't care about contents; nuking /Users/home/Repositories/ping-pong-tournament/node_modules/url-loader/node_modules/loader-utils/node_modules/emojis-list
374 silly gentlyRm /Users/home/Repositories/ping-pong-tournament/node_modules/url-loader/node_modules/loader-utils/node_modules/big.js is being purged from base /Users/home/Repositories/ping-pong-tournament
375 verbose gentlyRm don't care about contents; nuking /Users/home/Repositories/ping-pong-tournament/node_modules/url-loader/node_modules/loader-utils/node_modules/big.js
376 silly gentlyRm /Users/home/Repositories/ping-pong-tournament/node_modules/url-loader/node_modules/loader-utils/node_modules/object-assign is being purged from base /Users/home/Repositories/ping-pong-tournament
377 verbose gentlyRm don't care about contents; nuking /Users/home/Repositories/ping-pong-tournament/node_modules/url-loader/node_modules/loader-utils/node_modules/object-assign
378 silly gunzTarPerm modes [ '755', '644' ]
379 verbose tar unpack /Users/home/.npm/big.js/3.1.3/package.tgz
380 verbose tar unpacking to /Users/home/Repositories/ping-pong-tournament/node_modules/url-loader/node_modules/loader-utils/node_modules/big.js
381 silly gentlyRm /Users/home/Repositories/ping-pong-tournament/node_modules/url-loader/node_modules/loader-utils/node_modules/big.js is being purged
382 verbose gentlyRm don't care about contents; nuking /Users/home/Repositories/ping-pong-tournament/node_modules/url-loader/node_modules/loader-utils/node_modules/big.js
383 verbose tar unpack /Users/home/.npm/object-assign/4.1.1/package.tgz
384 verbose tar unpacking to /Users/home/Repositories/ping-pong-tournament/node_modules/url-loader/node_modules/loader-utils/node_modules/object-assign
385 silly gentlyRm /Users/home/Repositories/ping-pong-tournament/node_modules/url-loader/node_modules/loader-utils/node_modules/object-assign is being purged
386 verbose gentlyRm don't care about contents; nuking /Users/home/Repositories/ping-pong-tournament/node_modules/url-loader/node_modules/loader-utils/node_modules/object-assign
387 silly gentlyRm /Users/home/Repositories/ping-pong-tournament/node_modules/url-loader/node_modules/loader-utils/node_modules/json5 is being purged from base /Users/home/Repositories/ping-pong-tournament
388 verbose gentlyRm don't care about contents; nuking /Users/home/Repositories/ping-pong-tournament/node_modules/url-loader/node_modules/loader-utils/node_modules/json5
389 silly gunzTarPerm modes [ '755', '644' ]
390 silly gunzTarPerm modes [ '755', '644' ]
391 verbose tar unpack /Users/home/.npm/json5/0.5.1/package.tgz
392 verbose tar unpacking to /Users/home/Repositories/ping-pong-tournament/node_modules/url-loader/node_modules/loader-utils/node_modules/json5
393 silly gentlyRm /Users/home/Repositories/ping-pong-tournament/node_modules/url-loader/node_modules/loader-utils/node_modules/json5 is being purged
394 verbose gentlyRm don't care about contents; nuking /Users/home/Repositories/ping-pong-tournament/node_modules/url-loader/node_modules/loader-utils/node_modules/json5
395 silly gunzTarPerm modes [ '755', '644' ]
396 silly gunzTarPerm extractEntry package.json
397 silly gunzTarPerm extractEntry package.json
398 silly gunzTarPerm modified mode [ 'package.json', 438, 420 ]
399 silly gunzTarPerm extractEntry package.json
400 silly gunzTarPerm extractEntry package.json
401 silly gunzTarPerm modified mode [ 'package.json', 438, 420 ]
402 silly gunzTarPerm extractEntry README.md
403 silly gunzTarPerm extractEntry index.js
404 silly gunzTarPerm extractEntry README.md
405 silly gunzTarPerm modified mode [ 'README.md', 438, 420 ]
406 silly gunzTarPerm extractEntry LICENCE
407 silly gunzTarPerm modified mode [ 'LICENCE', 438, 420 ]
408 silly gunzTarPerm extractEntry index.js
409 silly gunzTarPerm extractEntry license
410 silly gunzTarPerm extractEntry README.md
411 silly gunzTarPerm modified mode [ 'README.md', 438, 420 ]
412 silly gunzTarPerm extractEntry LICENSE.md
413 silly gunzTarPerm modified mode [ 'LICENSE.md', 438, 420 ]
414 silly gunzTarPerm extractEntry CHANGELOG.md
415 silly gunzTarPerm extractEntry big.js
416 silly gunzTarPerm modified mode [ 'big.js', 438, 420 ]
417 silly gunzTarPerm extractEntry big.min.js
418 silly gunzTarPerm modified mode [ 'big.min.js', 438, 420 ]
419 silly gunzTarPerm extractEntry readme.md
420 silly gunzTarPerm extractEntry CHANGELOG.md
421 silly gunzTarPerm modified mode [ 'CHANGELOG.md', 438, 420 ]
422 silly gunzTarPerm extractEntry lib/cli.js
423 silly gunzTarPerm modified mode [ 'lib/cli.js', 438, 420 ]
424 silly gunzTarPerm extractEntry lib/json5.js
425 silly gunzTarPerm modified mode [ 'lib/json5.js', 438, 420 ]
426 silly gunzTarPerm extractEntry lib/require.js
427 silly gunzTarPerm modified mode [ 'lib/require.js', 438, 420 ]
428 silly gunzTarPerm extractEntry LICENSE.md
429 verbose write writing to /Users/home/Repositories/ping-pong-tournament/node_modules/url-loader/node_modules/loader-utils/node_modules/object-assign/package.json
430 info preinstall object-assign@4.1.1
431 verbose readDependencies loading dependencies from /Users/home/Repositories/ping-pong-tournament/node_modules/url-loader/node_modules/loader-utils/node_modules/object-assign/package.json
432 verbose write writing to /Users/home/Repositories/ping-pong-tournament/node_modules/url-loader/node_modules/loader-utils/node_modules/emojis-list/package.json
433 verbose write writing to /Users/home/Repositories/ping-pong-tournament/node_modules/url-loader/node_modules/loader-utils/node_modules/big.js/package.json
434 verbose readDependencies loading dependencies from /Users/home/Repositories/ping-pong-tournament/node_modules/url-loader/node_modules/loader-utils/node_modules/object-assign/package.json
435 info preinstall emojis-list@2.1.0
436 info preinstall big.js@3.1.3
437 verbose readDependencies loading dependencies from /Users/home/Repositories/ping-pong-tournament/node_modules/url-loader/node_modules/loader-utils/node_modules/emojis-list/package.json
438 verbose readDependencies loading dependencies from /Users/home/Repositories/ping-pong-tournament/node_modules/url-loader/node_modules/loader-utils/node_modules/big.js/package.json
439 silly install resolved []
440 verbose about to build /Users/home/Repositories/ping-pong-tournament/node_modules/url-loader/node_modules/loader-utils/node_modules/object-assign
441 info build /Users/home/Repositories/ping-pong-tournament/node_modules/url-loader/node_modules/loader-utils/node_modules/object-assign
442 verbose readDependencies loading dependencies from /Users/home/Repositories/ping-pong-tournament/node_modules/url-loader/node_modules/loader-utils/node_modules/emojis-list/package.json
443 verbose readDependencies loading dependencies from /Users/home/Repositories/ping-pong-tournament/node_modules/url-loader/node_modules/loader-utils/node_modules/big.js/package.json
444 info linkStuff object-assign@4.1.1
445 silly linkStuff object-assign@4.1.1 has /Users/home/Repositories/ping-pong-tournament/node_modules/url-loader/node_modules/loader-utils/node_modules as its parent node_modules
446 silly install resolved []
447 verbose about to build /Users/home/Repositories/ping-pong-tournament/node_modules/url-loader/node_modules/loader-utils/node_modules/emojis-list
448 info build /Users/home/Repositories/ping-pong-tournament/node_modules/url-loader/node_modules/loader-utils/node_modules/emojis-list
449 silly install resolved []
450 verbose about to build /Users/home/Repositories/ping-pong-tournament/node_modules/url-loader/node_modules/loader-utils/node_modules/big.js
451 info build /Users/home/Repositories/ping-pong-tournament/node_modules/url-loader/node_modules/loader-utils/node_modules/big.js
452 info linkStuff emojis-list@2.1.0
453 silly linkStuff emojis-list@2.1.0 has /Users/home/Repositories/ping-pong-tournament/node_modules/url-loader/node_modules/loader-utils/node_modules as its parent node_modules
454 info linkStuff big.js@3.1.3
455 silly linkStuff big.js@3.1.3 has /Users/home/Repositories/ping-pong-tournament/node_modules/url-loader/node_modules/loader-utils/node_modules as its parent node_modules
456 verbose linkBins object-assign@4.1.1
457 verbose linkMans object-assign@4.1.1
458 verbose rebuildBundles object-assign@4.1.1
459 verbose write writing to /Users/home/Repositories/ping-pong-tournament/node_modules/url-loader/node_modules/loader-utils/node_modules/json5/package.json
460 info install object-assign@4.1.1
461 info postinstall object-assign@4.1.1
462 info preinstall json5@0.5.1
463 verbose unlock done using /Users/home/.npm/_locks/object-assign-0dffae6379c05d65.lock for /Users/home/Repositories/ping-pong-tournament/node_modules/url-loader/node_modules/loader-utils/node_modules/object-assign
464 verbose readDependencies loading dependencies from /Users/home/Repositories/ping-pong-tournament/node_modules/url-loader/node_modules/loader-utils/node_modules/json5/package.json
465 verbose linkBins emojis-list@2.1.0
466 verbose linkMans emojis-list@2.1.0
467 verbose rebuildBundles emojis-list@2.1.0
468 info install emojis-list@2.1.0
469 verbose linkBins big.js@3.1.3
470 verbose linkMans big.js@3.1.3
471 verbose rebuildBundles big.js@3.1.3
472 info install big.js@3.1.3
473 info postinstall emojis-list@2.1.0
474 info postinstall big.js@3.1.3
475 verbose unlock done using /Users/home/.npm/_locks/emojis-list-de29d94679b96915.lock for /Users/home/Repositories/ping-pong-tournament/node_modules/url-loader/node_modules/loader-utils/node_modules/emojis-list
476 verbose readDependencies loading dependencies from /Users/home/Repositories/ping-pong-tournament/node_modules/url-loader/node_modules/loader-utils/node_modules/json5/package.json
477 verbose unlock done using /Users/home/.npm/_locks/big-js-6dbebb2813709208.lock for /Users/home/Repositories/ping-pong-tournament/node_modules/url-loader/node_modules/loader-utils/node_modules/big.js
478 silly install resolved []
479 verbose about to build /Users/home/Repositories/ping-pong-tournament/node_modules/url-loader/node_modules/loader-utils/node_modules/json5
480 info build /Users/home/Repositories/ping-pong-tournament/node_modules/url-loader/node_modules/loader-utils/node_modules/json5
481 info linkStuff json5@0.5.1
482 silly linkStuff json5@0.5.1 has /Users/home/Repositories/ping-pong-tournament/node_modules/url-loader/node_modules/loader-utils/node_modules as its parent node_modules
483 verbose linkBins json5@0.5.1
484 verbose link bins [ { json5: 'lib/cli.js' },
484 verbose link bins   '/Users/home/Repositories/ping-pong-tournament/node_modules/url-loader/node_modules/loader-utils/node_modules/.bin',
484 verbose link bins   false ]
485 verbose linkMans json5@0.5.1
486 verbose rebuildBundles json5@0.5.1
487 silly gentlyRm /Users/home/Repositories/ping-pong-tournament/node_modules/url-loader/node_modules/loader-utils/node_modules/.bin/json5 is being purged
488 verbose gentlyRm don't care about contents; nuking /Users/home/Repositories/ping-pong-tournament/node_modules/url-loader/node_modules/loader-utils/node_modules/.bin/json5
489 info install json5@0.5.1
490 info postinstall json5@0.5.1
491 verbose unlock done using /Users/home/.npm/_locks/json5-21c3f79b097fabd9.lock for /Users/home/Repositories/ping-pong-tournament/node_modules/url-loader/node_modules/loader-utils/node_modules/json5
492 verbose about to build /Users/home/Repositories/ping-pong-tournament/node_modules/url-loader/node_modules/loader-utils
493 info build /Users/home/Repositories/ping-pong-tournament/node_modules/url-loader/node_modules/loader-utils
494 info linkStuff loader-utils@0.2.16
495 silly linkStuff loader-utils@0.2.16 has /Users/home/Repositories/ping-pong-tournament/node_modules/url-loader/node_modules as its parent node_modules
496 verbose linkBins loader-utils@0.2.16
497 verbose linkMans loader-utils@0.2.16
498 verbose rebuildBundles loader-utils@0.2.16
499 verbose rebuildBundles [ '.bin', 'big.js', 'emojis-list', 'json5', 'object-assign' ]
500 info install loader-utils@0.2.16
501 info postinstall loader-utils@0.2.16
502 verbose unlock done using /Users/home/.npm/_locks/loader-utils-21f30db6eab20ae1.lock for /Users/home/Repositories/ping-pong-tournament/node_modules/url-loader/node_modules/loader-utils
503 verbose about to build /Users/home/Repositories/ping-pong-tournament/node_modules/url-loader
504 info build /Users/home/Repositories/ping-pong-tournament/node_modules/url-loader
505 info linkStuff url-loader@0.5.7
506 silly linkStuff url-loader@0.5.7 has /Users/home/Repositories/ping-pong-tournament/node_modules as its parent node_modules
507 verbose linkBins url-loader@0.5.7
508 verbose linkMans url-loader@0.5.7
509 verbose rebuildBundles url-loader@0.5.7
510 verbose rebuildBundles [ 'loader-utils', 'mime' ]
511 info install url-loader@0.5.7
512 info postinstall url-loader@0.5.7
513 verbose unlock done using /Users/home/.npm/_locks/url-loader-7c104ccf4dea9dd2.lock for /Users/home/Repositories/ping-pong-tournament/node_modules/url-loader
514 verbose validateInstall loading /Users/home/Repositories/ping-pong-tournament/package.json for validation
515 verbose stack Error: The package webpack@1.14.0 does not satisfy its siblings' peerDependencies requirements!
515 verbose stack     at /usr/local/lib/node_modules/npm/lib/install.js:125:32
515 verbose stack     at /usr/local/lib/node_modules/npm/lib/install.js:268:7
515 verbose stack     at /usr/local/lib/node_modules/npm/node_modules/read-installed/read-installed.js:142:5
515 verbose stack     at /usr/local/lib/node_modules/npm/node_modules/read-installed/read-installed.js:263:14
515 verbose stack     at cb (/usr/local/lib/node_modules/npm/node_modules/slide/lib/async-map.js:47:24)
515 verbose stack     at /usr/local/lib/node_modules/npm/node_modules/read-installed/read-installed.js:263:14
515 verbose stack     at cb (/usr/local/lib/node_modules/npm/node_modules/slide/lib/async-map.js:47:24)
515 verbose stack     at /usr/local/lib/node_modules/npm/node_modules/read-installed/read-installed.js:263:14
515 verbose stack     at cb (/usr/local/lib/node_modules/npm/node_modules/slide/lib/async-map.js:47:24)
515 verbose stack     at /usr/local/lib/node_modules/npm/node_modules/read-installed/read-installed.js:263:14
516 verbose cwd /Users/home/Repositories/ping-pong-tournament
517 error Darwin 15.6.0
518 error argv "/usr/local/bin/node" "/usr/local/bin/npm" "install" "--save-dev" "url-loader"
519 error node v4.4.4
520 error npm  v2.15.1
521 error code EPEERINVALID
522 error peerinvalid The package webpack@1.14.0 does not satisfy its siblings' peerDependencies requirements!
522 error peerinvalid Peer sass-loader@5.0.1 wants webpack@^2.0.0
522 error peerinvalid Peer babel-loader@6.2.10 wants webpack@1 || 2 || ^2.1.0-beta || ^2.2.0-rc
522 error peerinvalid Peer html-webpack-plugin@2.28.0 wants webpack@1 || ^2 || ^2.1.0-beta || ^2.2.0-rc
523 verbose exit [ 1, true ]
